<?xml version="1.0" encoding="UTF-8"?>
<!-- Generated by org.testng.reporters.JUnitReportReporter -->
<testsuite hostname="HEYE-HP" name="com.grimm.maven.selenium.mantis.test.Try" tests="1" failures="0" timestamp="6 Jul 2018 20:01:50 GMT" time="13.929" errors="0">
  <testcase name="test1" time="13.929" classname="com.grimm.maven.selenium.mantis.test.Try"/>
</testsuite> <!-- com.grimm.maven.selenium.mantis.test.Try -->
