<?xml version="1.0" encoding="UTF-8"?>
<!-- Generated by org.testng.reporters.JUnitReportReporter -->
<testsuite hostname="WIN7-DIY-0013" name="com.grimm.maven.selenium.mantis.test.Try" tests="1" failures="0" timestamp="6 Jul 2018 08:32:55 GMT" time="6.098" errors="0">
  <testcase name="test1" time="6.098" classname="com.grimm.maven.selenium.mantis.test.Try"/>
</testsuite> <!-- com.grimm.maven.selenium.mantis.test.Try -->
